TN:
SF:src/funko/commands/listReadFunkos.ts
FN:3,listRead
FNF:1
FNH:1
FNDA:8,listRead
DA:1,1
DA:2,1
DA:3,1
DA:4,8
DA:5,8
DA:6,8
DA:7,8
DA:8,8
DA:9,8
DA:10,2
DA:11,8
DA:12,5
DA:13,3
DA:14,3
DA:15,2
DA:16,3
DA:17,1
DA:18,1
DA:19,5
DA:20,2
DA:21,2
DA:22,6
DA:23,1
DA:24,1
DA:25,8
LF:25
LH:25
BRDA:3,0,0,8
BRDA:9,1,0,2
BRDA:11,2,0,6
BRDA:11,3,0,5
BRDA:12,4,0,4
BRDA:12,5,0,3
BRDA:12,6,0,3
BRDA:14,7,0,2
BRDA:16,8,0,1
BRDA:19,9,0,2
BRDA:22,10,0,1
BRDA:13,11,0,8
BRF:12
BRH:12
end_of_record
TN:
SF:src/funko/operations/compruebaUsuario.ts
FN:10,compruebaUsuario
FNF:1
FNH:1
FNDA:15,compruebaUsuario
DA:1,1
DA:2,1
DA:3,1
DA:4,1
DA:5,1
DA:6,1
DA:7,1
DA:8,1
DA:9,1
DA:10,1
DA:11,15
DA:12,15
DA:13,15
DA:14,15
DA:15,15
DA:16,6
DA:17,1
DA:18,6
DA:19,5
DA:20,5
DA:21,5
DA:22,5
DA:23,15
DA:24,9
DA:25,9
DA:26,15
DA:27,15
LF:27
LH:27
BRDA:10,0,0,15
BRDA:14,1,0,15
BRDA:15,2,0,6
BRDA:16,3,0,1
BRDA:18,4,0,5
BRDA:23,5,0,9
BRF:6
BRH:6
end_of_record
TN:
SF:src/funko/operations/createUser.ts
FN:10,createUser
FNF:1
FNH:1
FNDA:4,createUser
DA:1,1
DA:2,1
DA:3,1
DA:4,1
DA:5,1
DA:6,1
DA:7,1
DA:8,1
DA:9,1
DA:10,1
DA:11,4
DA:12,4
DA:13,4
DA:14,4
DA:15,4
DA:16,2
DA:17,2
DA:18,0
DA:19,2
DA:20,2
DA:21,2
DA:22,2
DA:23,2
DA:24,2
DA:25,0
DA:26,2
DA:27,2
DA:28,2
DA:29,2
DA:30,2
DA:31,2
DA:32,2
DA:33,2
DA:34,2
DA:35,2
DA:36,4
DA:37,4
LF:37
LH:35
BRDA:10,0,0,4
BRDA:14,1,0,4
BRDA:15,2,0,2
BRDA:16,3,0,2
BRDA:17,4,0,0
BRDA:23,5,0,2
BRDA:24,6,0,0
BRF:7
BRH:5
end_of_record
TN:
SF:src/funko/operations/readFile.ts
FN:9,readFiles
FNF:1
FNH:1
FNDA:8,readFiles
DA:1,1
DA:2,1
DA:3,1
DA:4,1
DA:5,1
DA:6,1
DA:7,1
DA:8,1
DA:9,1
DA:10,8
DA:11,8
DA:12,8
DA:13,8
DA:14,8
DA:15,2
DA:16,8
DA:17,6
DA:18,6
DA:19,6
DA:20,0
DA:21,6
DA:22,6
DA:23,6
DA:24,6
DA:25,6
DA:26,8
DA:27,8
LF:27
LH:26
BRDA:9,0,0,8
BRDA:13,1,0,8
BRDA:14,2,0,2
BRDA:16,3,0,6
BRDA:18,4,0,6
BRDA:19,5,0,0
BRF:6
BRH:5
end_of_record
TN:
SF:src/funko/operations/writeFile.ts
FN:9,writeFiles
FNF:1
FNH:1
FNDA:2,writeFiles
DA:1,1
DA:2,1
DA:3,1
DA:4,1
DA:5,1
DA:6,1
DA:7,1
DA:8,1
DA:9,1
DA:10,2
DA:11,2
DA:12,2
DA:13,2
DA:14,2
DA:15,2
DA:16,1
DA:17,1
DA:18,1
DA:19,1
DA:20,2
DA:21,2
LF:21
LH:21
BRDA:9,0,0,2
BRDA:14,1,0,2
BRDA:15,2,0,1
BRF:3
BRH:3
end_of_record
TN:
SF:src/funko/server/server.ts
FNF:0
FNH:0
DA:1,1
DA:2,1
DA:3,1
DA:4,1
DA:5,1
DA:6,1
DA:7,1
DA:8,1
DA:9,1
DA:10,1
DA:11,1
DA:12,1
DA:13,1
DA:14,1
DA:15,1
DA:16,1
DA:17,1
DA:18,1
DA:19,1
DA:20,1
DA:21,1
DA:22,1
DA:23,8
DA:24,8
DA:25,8
DA:26,8
DA:27,7
DA:28,6
DA:29,6
DA:30,2
DA:31,2
DA:32,1
DA:33,1
DA:34,1
DA:35,1
DA:36,1
DA:37,1
DA:38,1
DA:39,1
DA:40,2
DA:41,6
DA:42,4
DA:43,4
DA:44,1
DA:45,1
DA:46,1
DA:47,4
DA:48,3
DA:49,3
DA:50,3
DA:51,3
DA:52,3
DA:53,3
DA:54,1
DA:55,1
DA:56,1
DA:57,3
DA:58,2
DA:59,2
DA:60,2
DA:61,2
DA:62,3
DA:63,3
DA:64,3
DA:65,3
DA:66,4
DA:67,4
DA:68,7
DA:69,1
DA:70,1
DA:71,1
DA:72,1
DA:73,8
DA:74,1
DA:75,1
DA:76,1
DA:77,1
DA:78,1
DA:79,1
DA:80,1
DA:81,1
DA:82,1
DA:83,1
DA:84,0
DA:85,0
DA:86,0
DA:87,0
DA:88,0
DA:89,0
DA:90,0
DA:91,0
DA:92,0
DA:93,0
DA:94,0
DA:95,0
DA:96,0
DA:97,0
DA:98,0
DA:99,0
DA:100,0
DA:101,0
DA:102,0
DA:103,0
DA:104,0
DA:105,0
DA:106,0
DA:107,0
DA:108,0
DA:109,0
DA:110,0
DA:111,0
DA:112,0
DA:113,0
DA:114,0
DA:115,0
DA:116,0
DA:117,0
DA:118,0
DA:119,0
DA:120,0
DA:121,0
DA:122,0
DA:123,0
DA:124,0
DA:125,0
DA:126,0
DA:127,0
DA:128,0
DA:129,0
DA:130,0
DA:131,0
DA:132,0
DA:133,0
DA:134,0
DA:135,0
DA:136,0
DA:137,0
DA:138,0
DA:139,0
DA:140,0
DA:141,0
DA:142,0
DA:143,0
DA:144,0
DA:145,0
DA:146,0
DA:147,0
DA:148,0
DA:149,0
DA:150,0
DA:151,0
DA:152,0
DA:153,1
DA:154,1
DA:155,1
DA:156,1
DA:157,1
DA:158,0
DA:159,0
DA:160,0
DA:161,0
DA:162,0
DA:163,0
DA:164,0
DA:165,0
DA:166,0
DA:167,0
DA:168,0
DA:169,0
DA:170,0
DA:171,0
DA:172,0
DA:173,0
DA:174,0
DA:175,0
DA:176,0
DA:177,0
DA:178,0
DA:179,0
DA:180,0
DA:181,0
DA:182,0
DA:183,0
DA:184,0
DA:185,0
DA:186,0
DA:187,0
DA:188,0
DA:189,0
DA:190,0
DA:191,0
DA:192,0
DA:193,0
DA:194,0
DA:195,0
DA:196,0
DA:197,0
DA:198,0
DA:199,0
DA:200,0
DA:201,0
DA:202,0
DA:203,1
DA:204,1
DA:205,1
DA:206,1
DA:207,1
DA:208,1
DA:209,0
DA:210,0
DA:211,0
DA:212,0
DA:213,0
DA:214,0
DA:215,0
DA:216,0
DA:217,0
DA:218,0
DA:219,0
DA:220,0
DA:221,0
DA:222,0
DA:223,0
DA:224,0
DA:225,0
DA:226,0
DA:227,0
DA:228,0
DA:229,0
DA:230,0
DA:231,0
DA:232,0
DA:233,0
DA:234,0
DA:235,0
DA:236,0
DA:237,0
DA:238,0
DA:239,0
DA:240,0
DA:241,0
DA:242,0
DA:243,0
DA:244,0
DA:245,0
DA:246,0
DA:247,0
DA:248,0
DA:249,0
DA:250,0
DA:251,0
DA:252,0
DA:253,0
DA:254,0
DA:255,0
DA:256,0
DA:257,0
DA:258,0
DA:259,0
DA:260,0
DA:261,0
DA:262,0
DA:263,0
DA:264,0
DA:265,0
DA:266,0
DA:267,0
DA:268,0
DA:269,0
DA:270,0
DA:271,0
DA:272,0
DA:273,0
DA:274,0
DA:275,0
DA:276,0
DA:277,0
DA:278,1
DA:279,1
DA:280,1
DA:281,1
DA:282,1
DA:283,1
DA:284,1
DA:285,1
DA:286,1
DA:287,1
DA:288,1
DA:289,1
DA:290,1
DA:291,1
DA:292,1
DA:293,1
DA:294,1
DA:295,1
DA:296,1
DA:297,1
DA:298,1
DA:299,1
DA:300,1
DA:301,1
DA:302,1
DA:303,0
DA:304,0
DA:305,0
DA:306,0
DA:307,0
DA:308,1
DA:309,1
DA:310,0
DA:311,0
DA:312,0
DA:313,0
DA:314,0
DA:315,1
DA:316,1
DA:317,0
DA:318,0
DA:319,0
DA:320,0
DA:321,0
DA:322,1
DA:323,1
DA:324,0
DA:325,0
DA:326,0
DA:327,0
DA:328,0
DA:329,1
LF:329
LH:126
BRDA:22,0,0,8
BRDA:26,1,0,7
BRDA:27,2,0,6
BRDA:29,3,0,2
BRDA:41,4,0,4
BRDA:68,5,0,1
BRDA:73,6,0,1
BRDA:30,7,0,2
BRDA:31,8,0,1
BRDA:42,9,0,4
BRDA:43,10,0,1
BRDA:47,11,0,3
BRDA:52,12,0,3
BRDA:53,13,0,1
BRDA:57,14,0,2
BRDA:284,15,0,1
BRDA:291,16,0,1
BRDA:294,17,0,1
BRF:18
BRH:18
end_of_record
TN:
SF:src/funko/types/genre.ts
FNF:0
FNH:0
DA:1,1
DA:2,1
DA:3,1
DA:4,1
DA:5,1
DA:6,1
DA:7,1
DA:8,1
DA:9,1
DA:10,1
DA:11,1
DA:12,1
DA:13,1
LF:13
LH:13
BRDA:5,0,0,1
BRF:1
BRH:1
end_of_record
TN:
SF:src/funko/types/type.ts
FNF:0
FNH:0
DA:1,1
DA:2,1
DA:3,1
DA:4,1
DA:5,1
DA:6,1
DA:7,1
DA:8,1
DA:9,1
DA:10,1
DA:11,1
LF:11
LH:11
BRDA:5,0,0,1
BRF:1
BRH:1
end_of_record
